e:\my lifestyle\products\c#\sonatasmoothsamples\samples\c++\console\sonatasmoothcppsample\sonatasmooth.tune.etude\sonatasmooth.tune.etude\x64\release\sonatasmooth.tune.etude.pch
e:\my lifestyle\products\c#\sonatasmoothsamples\samples\c++\console\sonatasmoothcppsample\sonatasmooth.tune.etude\sonatasmooth.tune.etude\x64\release\vc145.pdb
e:\my lifestyle\products\c#\sonatasmoothsamples\samples\c++\console\sonatasmoothcppsample\sonatasmooth.tune.etude\sonatasmooth.tune.etude\x64\release\pch.obj
e:\my lifestyle\products\c#\sonatasmoothsamples\samples\c++\console\sonatasmoothcppsample\sonatasmooth.tune.etude\sonatasmooth.tune.etude\x64\release\sonatasmooth.tune.etude.obj
e:\my lifestyle\products\c#\sonatasmoothsamples\samples\c++\console\sonatasmoothcppsample\sonatasmooth.tune.etude\sonatasmooth.tune.etude\x64\release\main.obj
e:\my lifestyle\products\c#\sonatasmoothsamples\samples\c++\console\sonatasmoothcppsample\sonatasmooth.tune.etude\sonatasmooth.tune.etude\x64\release\assemblyinfo.obj
e:\my lifestyle\products\c#\sonatasmoothsamples\samples\c++\console\sonatasmoothcppsample\sonatasmooth.tune.etude\sonatasmooth.tune.etude\x64\release\.netframework,version=v4.8.1.assemblyattributes.obj
e:\my lifestyle\products\c#\sonatasmoothsamples\samples\c++\console\sonatasmoothcppsample\sonatasmooth.tune.etude\x64\release\sonatasmooth.tune.dll
e:\my lifestyle\products\c#\sonatasmoothsamples\samples\c++\console\sonatasmoothcppsample\sonatasmooth.tune.etude\x64\release\microsoft.office.interop.excel.dll
e:\my lifestyle\products\c#\sonatasmoothsamples\samples\c++\console\sonatasmoothcppsample\sonatasmooth.tune.etude\x64\release\office.dll
e:\my lifestyle\products\c#\sonatasmoothsamples\samples\c++\console\sonatasmoothcppsample\sonatasmooth.tune.etude\x64\release\microsoft.vbe.interop.dll
e:\my lifestyle\products\c#\sonatasmoothsamples\samples\c++\console\sonatasmoothcppsample\sonatasmooth.tune.etude\x64\release\stdole.dll
e:\my lifestyle\products\c#\sonatasmoothsamples\samples\c++\console\sonatasmoothcppsample\sonatasmooth.tune.etude\x64\release\sonatasmooth.tune.pdb
e:\my lifestyle\products\c#\sonatasmoothsamples\samples\c++\console\sonatasmoothcppsample\sonatasmooth.tune.etude\x64\release\microsoft.office.interop.excel.xml
e:\my lifestyle\products\c#\sonatasmoothsamples\samples\c++\console\sonatasmoothcppsample\sonatasmooth.tune.etude\x64\release\office.xml
c:\users\happybono\source\repos\sonatasmooth.tune.etude\x64\release\sonatasmooth.tune.etude.exe
c:\users\happybono\source\repos\sonatasmooth.tune.etude\x64\release\sonatasmooth.tune.etude.pdb
e:\my lifestyle\products\c#\sonatasmoothsamples\samples\c++\console\sonatasmoothcppsample\sonatasmooth.tune.etude\x64\release\sonatasmooth.tune.etude.exe
e:\my lifestyle\products\c#\sonatasmoothsamples\samples\c++\console\sonatasmoothcppsample\sonatasmooth.tune.etude\x64\release\sonatasmooth.tune.etude.pdb
c:\users\happybono\source\repos\sonatasmooth.tune.etude\sonatasmooth.tune.etude\x64\release\sonatasm.8c40b89d.tlog\metagen.write.1.tlog
e:\my lifestyle\products\c#\sonatasmoothsamples\samples\c++\console\sonatasmoothcppsample\sonatasmooth.tune.etude\sonatasmooth.tune.etude\x64\release\sonatasm.8c40b89d.tlog\metagen.write.1.tlog
c:\users\happybono\source\repos\sonatasmooth.tune.etude\sonatasmooth.tune.etude\x64\release\app.res
e:\my lifestyle\products\c#\sonatasmoothsamples\samples\c++\console\sonatasmoothcppsample\sonatasmooth.tune.etude\sonatasmooth.tune.etude\x64\release\app.res
e:\my lifestyle\products\c#\sonatasmoothsamples\samples\c++\console\sonatasmoothcppsample\sonatasmooth.tune.etude\sonatasmooth.tune.etude\x64\release\sonatasm.8c40b89d.tlog\cl.command.1.tlog
e:\my lifestyle\products\c#\sonatasmoothsamples\samples\c++\console\sonatasmoothcppsample\sonatasmooth.tune.etude\sonatasmooth.tune.etude\x64\release\sonatasm.8c40b89d.tlog\cl.items.tlog
e:\my lifestyle\products\c#\sonatasmoothsamples\samples\c++\console\sonatasmoothcppsample\sonatasmooth.tune.etude\sonatasmooth.tune.etude\x64\release\sonatasm.8c40b89d.tlog\cl.read.1.tlog
e:\my lifestyle\products\c#\sonatasmoothsamples\samples\c++\console\sonatasmoothcppsample\sonatasmooth.tune.etude\sonatasmooth.tune.etude\x64\release\sonatasm.8c40b89d.tlog\cl.write.1.tlog
e:\my lifestyle\products\c#\sonatasmoothsamples\samples\c++\console\sonatasmoothcppsample\sonatasmooth.tune.etude\sonatasmooth.tune.etude\x64\release\sonatasm.8c40b89d.tlog\copylocal.read.1u.tlog
e:\my lifestyle\products\c#\sonatasmoothsamples\samples\c++\console\sonatasmoothcppsample\sonatasmooth.tune.etude\sonatasmooth.tune.etude\x64\release\sonatasm.8c40b89d.tlog\copylocal.write.1u.tlog
e:\my lifestyle\products\c#\sonatasmoothsamples\samples\c++\console\sonatasmoothcppsample\sonatasmooth.tune.etude\sonatasmooth.tune.etude\x64\release\sonatasm.8c40b89d.tlog\link.command.1.tlog
e:\my lifestyle\products\c#\sonatasmoothsamples\samples\c++\console\sonatasmoothcppsample\sonatasmooth.tune.etude\sonatasmooth.tune.etude\x64\release\sonatasm.8c40b89d.tlog\link.read.1.tlog
e:\my lifestyle\products\c#\sonatasmoothsamples\samples\c++\console\sonatasmoothcppsample\sonatasmooth.tune.etude\sonatasmooth.tune.etude\x64\release\sonatasm.8c40b89d.tlog\link.secondary.1.tlog
e:\my lifestyle\products\c#\sonatasmoothsamples\samples\c++\console\sonatasmoothcppsample\sonatasmooth.tune.etude\sonatasmooth.tune.etude\x64\release\sonatasm.8c40b89d.tlog\link.write.1.tlog
e:\my lifestyle\products\c#\sonatasmoothsamples\samples\c++\console\sonatasmoothcppsample\sonatasmooth.tune.etude\sonatasmooth.tune.etude\x64\release\sonatasm.8c40b89d.tlog\metagen.read.1.tlog
e:\my lifestyle\products\c#\sonatasmoothsamples\samples\c++\console\sonatasmoothcppsample\sonatasmooth.tune.etude\sonatasmooth.tune.etude\x64\release\sonatasm.8c40b89d.tlog\rc.command.1.tlog
e:\my lifestyle\products\c#\sonatasmoothsamples\samples\c++\console\sonatasmoothcppsample\sonatasmooth.tune.etude\sonatasmooth.tune.etude\x64\release\sonatasm.8c40b89d.tlog\rc.read.1.tlog
e:\my lifestyle\products\c#\sonatasmoothsamples\samples\c++\console\sonatasmoothcppsample\sonatasmooth.tune.etude\sonatasmooth.tune.etude\x64\release\sonatasm.8c40b89d.tlog\rc.write.1.tlog
e:\my lifestyle\products\c#\sonatasmoothsamples\samples\c++\console\sonatasmoothcppsample\sonatasmooth.tune.etude\sonatasmooth.tune.etude\x64\release\sonatasm.8c40b89d.tlog\sonatasmooth.tune.dll.metagen
